INFO  2015-09-01 10:11:50,740 [main] org.mule.module.launcher.application.DefaultMuleApplication: 
++++++++++++++++++++++++++++++++++++++++++++++++++++++++++++
+ Initializing app 'ActiveMQ-Messaging'                    +
++++++++++++++++++++++++++++++++++++++++++++++++++++++++++++
INFO  2015-09-01 10:11:50,851 [main] org.mule.lifecycle.AbstractLifecycleManager: Initialising RegistryBroker
INFO  2015-09-01 10:11:50,960 [main] org.mule.module.extension.internal.manager.DefaultExtensionManager: Starting discovery of extensions
INFO  2015-09-01 10:11:51,124 [main] org.mule.module.extension.internal.manager.DefaultExtensionManager: Discovered 1 extensions
INFO  2015-09-01 10:11:51,124 [main] org.mule.module.extension.internal.manager.DefaultExtensionManager: Registering extension validation (version 3.7)
INFO  2015-09-01 10:11:51,178 [main] org.mule.config.spring.MuleArtifactContext: Refreshing org.mule.config.spring.MuleArtifactContext@5fcc67ea: startup date [Tue Sep 01 10:11:51 EDT 2015]; root of context hierarchy
INFO  2015-09-01 10:11:52,497 [main] org.mule.config.spring.processors.NoDevkitInjectorProcessor: JSR-330 'javax.inject.Inject' annotation found and supported for autowiring
WARN  2015-09-01 10:11:52,779 [main] org.mule.expression.DefaultExpressionManager: Expression string is not an expression.  Use isExpression(String) to validate first
WARN  2015-09-01 10:11:52,780 [main] org.mule.expression.DefaultExpressionManager: Expression string is not an expression.  Use isExpression(String) to validate first
WARN  2015-09-01 10:11:52,780 [main] org.mule.expression.DefaultExpressionManager: Expression string is not an expression.  Use isExpression(String) to validate first
WARN  2015-09-01 10:11:52,780 [main] org.mule.expression.DefaultExpressionManager: Expression string is not an expression.  Use isExpression(String) to validate first
WARN  2015-09-01 10:11:53,601 [main] org.mule.module.ognl.expression.OgnlExpressionEvaluator: OGNL module is deprecated and will be removed in Mule 4.0. Use MEL expressions instead.
INFO  2015-09-01 10:11:53,963 [main] org.mule.lifecycle.AbstractLifecycleManager: Initialising connector: Active_MQ
INFO  2015-09-01 10:11:54,138 [main] org.mule.lifecycle.AbstractLifecycleManager: Initialising model: _muleSystemModel
INFO  2015-09-01 10:11:54,144 [main] org.mule.construct.FlowConstructLifecycleManager: Initialising flow: Mule-Use-Case-A-MainFlow
INFO  2015-09-01 10:11:54,146 [main] org.mule.exception.CatchMessagingExceptionStrategy: Initialising exception listener: org.mule.exception.CatchMessagingExceptionStrategy@1ee58592
INFO  2015-09-01 10:11:54,147 [main] org.mule.exception.CatchMessagingExceptionStrategy: Initialising exception listener: org.mule.exception.CatchMessagingExceptionStrategy@6ea44416
INFO  2015-09-01 10:11:54,147 [main] org.mule.exception.CatchMessagingExceptionStrategy: Initialising exception listener: org.mule.exception.CatchMessagingExceptionStrategy@62723919
INFO  2015-09-01 10:11:54,148 [main] org.mule.exception.CatchMessagingExceptionStrategy: Initialising exception listener: org.mule.exception.CatchMessagingExceptionStrategy@665075f8
INFO  2015-09-01 10:11:54,172 [main] org.mule.processor.SedaStageLifecycleManager: Initialising service: Mule-Use-Case-A-MainFlow.stage1
INFO  2015-09-01 10:11:54,357 [main] org.mule.util.journal.TransactionJournal: Using files for tx logs /Users/Gary2013/AnypointStudio-3.7-8-18/workspace/.mule/./.mule/ActiveMQ-Messaging/queue-tx-log/tx1.log and /Users/Gary2013/AnypointStudio-3.7-8-18/workspace/.mule/./.mule/ActiveMQ-Messaging/queue-tx-log/tx2.log
INFO  2015-09-01 10:11:54,364 [main] org.mule.util.journal.TransactionJournal: Using files for tx logs /Users/Gary2013/AnypointStudio-3.7-8-18/workspace/.mule/./.mule/ActiveMQ-Messaging/queue-xa-tx-log/tx1.log and /Users/Gary2013/AnypointStudio-3.7-8-18/workspace/.mule/./.mule/ActiveMQ-Messaging/queue-xa-tx-log/tx2.log
INFO  2015-09-01 10:11:54,465 [main] org.mule.config.spring.SpringXmlConfigurationBuilder: Configured Mule using "org.mule.config.spring.SpringXmlConfigurationBuilder" with configuration resource(s): "[ConfigResource{resourceName='/Users/Gary2013/AnypointStudio-3.7-8-18/workspace/.mule/apps/ActiveMQ-Messaging/activemq-messaging.xml'}]"
INFO  2015-09-01 10:11:54,466 [main] org.mule.config.builders.AutoConfigurationBuilder: Configured Mule using "org.mule.config.builders.AutoConfigurationBuilder" with configuration resource(s): "[ConfigResource{resourceName='/Users/Gary2013/AnypointStudio-3.7-8-18/workspace/.mule/apps/ActiveMQ-Messaging/activemq-messaging.xml'}]"
INFO  2015-09-01 10:11:54,466 [main] org.mule.module.launcher.application.DefaultMuleApplication: 
++++++++++++++++++++++++++++++++++++++++++++++++++++++++++++
+ Starting app 'ActiveMQ-Messaging'                        +
++++++++++++++++++++++++++++++++++++++++++++++++++++++++++++
INFO  2015-09-01 10:11:54,471 [main] org.mule.util.queue.QueueXaResourceManager: Starting ResourceManager
INFO  2015-09-01 10:11:54,471 [main] org.mule.util.queue.QueueXaResourceManager: Started ResourceManager
INFO  2015-09-01 10:11:54,523 [main] org.mule.module.http.internal.listener.DefaultHttpListenerConfig: Listening for requests on http://0.0.0.0:8081
INFO  2015-09-01 10:11:54,873 [main] org.mule.transport.jms.activemq.ActiveMQJmsConnector: Connected: ActiveMQJmsConnector
{
  name=Active_MQ
  lifecycle=initialise
  this=22104a3e
  numberOfConcurrentTransactedReceivers=4
  createMultipleTransactedReceivers=true
  connected=true
  supportedProtocols=[jms]
  serviceOverrides=<none>
}

INFO  2015-09-01 10:11:54,874 [main] org.mule.transport.jms.activemq.ActiveMQJmsConnector: Starting: ActiveMQJmsConnector
{
  name=Active_MQ
  lifecycle=initialise
  this=22104a3e
  numberOfConcurrentTransactedReceivers=4
  createMultipleTransactedReceivers=true
  connected=true
  supportedProtocols=[jms]
  serviceOverrides=<none>
}

INFO  2015-09-01 10:11:54,874 [main] org.mule.lifecycle.AbstractLifecycleManager: Starting connector: Active_MQ
INFO  2015-09-01 10:11:54,883 [main] org.mule.modules.oauth2.provider.agents.DefaultSplashScreenAgent: 
++++++++++++++++++++++++++++++++++++++++++++++++++++++++++++++++++++++++++++++++
+ DevKit Extensions (0) used in this application 
                             +
++++++++++++++++++++++++++++++++++++++++++++++++++++++++++++++++++++++++++++++++
INFO  2015-09-01 10:11:54,884 [main] org.mule.lifecycle.AbstractLifecycleManager: Starting model: _muleSystemModel
INFO  2015-09-01 10:11:54,885 [main] org.mule.construct.FlowConstructLifecycleManager: Starting flow: Mule-Use-Case-A-MainFlow
INFO  2015-09-01 10:11:54,885 [main] org.mule.processor.SedaStageLifecycleManager: Starting service: Mule-Use-Case-A-MainFlow.stage1
INFO  2015-09-01 10:11:54,926 [main] org.mule.module.management.agent.WrapperManagerAgent: This JVM hasn't been launched by the wrapper, the agent will not run.
INFO  2015-09-01 10:11:55,004 [main] org.mule.module.management.agent.AbstractJmxAgent: Registered Connector Service with name Mule.ActiveMQ-Messaging:type=Connector,name="Active.MQ"
INFO  2015-09-01 10:11:55,008 [main] org.mule.DefaultMuleContext: 
**********************************************************************
* Application: ActiveMQ-Messaging                                    *
* OS encoding: /, Mule encoding: UTF-8                               *
*                                                                    *
* Agents Running:                                                    *
*   JMX Agent                                                        *
*   Batch module default engine                                      *
*   DevKit Extension Information                                     *
*   Wrapper Manager                                                  *
**********************************************************************
INFO  2015-09-01 10:15:09,522 [[ActiveMQ-Messaging].HTTP_Listener_Configuration.worker.01] org.mule.api.processor.LoggerMessageProcessor: {phone=999-888-7778, contact_name=Contact_A, company_name=Company_A, company_address=Address_A, id=101}
INFO  2015-09-01 10:15:09,562 [[ActiveMQ-Messaging].HTTP_Listener_Configuration.worker.01] org.mule.transport.service.DefaultTransportServiceDescriptor: Loading default outbound transformer: org.mule.transport.jms.transformers.ObjectToJMSMessage
INFO  2015-09-01 10:15:09,563 [[ActiveMQ-Messaging].HTTP_Listener_Configuration.worker.01] org.mule.transport.service.DefaultTransportServiceDescriptor: Loading default response transformer: org.mule.transport.jms.transformers.ObjectToJMSMessage
WARN  2015-09-01 10:15:09,564 [[ActiveMQ-Messaging].HTTP_Listener_Configuration.worker.01] com.mulesoft.mule.transport.jms.EeJmsMessageDispatcher: Starting patched JmsMessageReceiver
INFO  2015-09-01 10:15:09,565 [[ActiveMQ-Messaging].HTTP_Listener_Configuration.worker.01] org.mule.lifecycle.AbstractLifecycleManager: Initialising: 'Active_MQ.dispatcher.1620799513'. Object is: EeJmsMessageDispatcher
INFO  2015-09-01 10:15:09,567 [[ActiveMQ-Messaging].HTTP_Listener_Configuration.worker.01] org.mule.lifecycle.AbstractLifecycleManager: Starting: 'Active_MQ.dispatcher.1620799513'. Object is: EeJmsMessageDispatcher
INFO  2015-09-01 10:15:09,635 [[ActiveMQ-Messaging].HTTP_Listener_Configuration.worker.01] org.mule.api.processor.LoggerMessageProcessor: {phone=999-888-7778, contact_name=Contact_AB1, company_name=Company_A, company_address=Address_AB1, id=123}
INFO  2015-09-01 10:15:09,641 [[ActiveMQ-Messaging].HTTP_Listener_Configuration.worker.01] org.mule.api.processor.LoggerMessageProcessor: {phone=999-888-7778, contact_name=Contact_AB4, company_name=Company_A, company_address=Address_AB4, id=124}
INFO  2015-09-01 10:15:09,646 [[ActiveMQ-Messaging].HTTP_Listener_Configuration.worker.01] org.mule.api.processor.LoggerMessageProcessor: {phone=999-888-7778, contact_name=Contact_AB5, company_name=Company_A, company_address=Address_AB5, id=125}
INFO  2015-09-01 10:16:41,250 [[ActiveMQ-Messaging].HTTP_Listener_Configuration.worker.01] org.mule.api.processor.LoggerMessageProcessor: {phone=999-888-7778, contact_name=Contact_A, company_name=Company_A, company_address=Address_A, id=101}
INFO  2015-09-01 10:16:41,255 [[ActiveMQ-Messaging].HTTP_Listener_Configuration.worker.01] org.mule.api.processor.LoggerMessageProcessor: {phone=999-888-7778, contact_name=Contact_B, company_name=Company_B, company_address=Address_B, id=102}
INFO  2015-09-01 10:16:41,260 [[ActiveMQ-Messaging].HTTP_Listener_Configuration.worker.01] org.mule.api.processor.LoggerMessageProcessor: {phone=999-888-7778, contact_name=Contact_A1, company_name=Company_A1, company_address=Address_A1, id=111}
INFO  2015-09-01 10:16:41,265 [[ActiveMQ-Messaging].HTTP_Listener_Configuration.worker.01] org.mule.api.processor.LoggerMessageProcessor: {phone=999-888-7778, contact_name=Contact_A2, company_name=Company_A2, company_address=Address_A2, id=112}
INFO  2015-09-01 10:16:41,271 [[ActiveMQ-Messaging].HTTP_Listener_Configuration.worker.01] org.mule.api.processor.LoggerMessageProcessor: {phone=999-888-7778, contact_name=Contact_A3, company_name=Company_A3, company_address=Address_A3, id=113}
INFO  2015-09-01 10:16:41,276 [[ActiveMQ-Messaging].HTTP_Listener_Configuration.worker.01] org.mule.api.processor.LoggerMessageProcessor: {phone=999-888-7778, contact_name=Contact_AB1, company_name=Company_A, company_address=Address_AB1, id=123}
INFO  2015-09-01 10:16:41,280 [[ActiveMQ-Messaging].HTTP_Listener_Configuration.worker.01] org.mule.api.processor.LoggerMessageProcessor: {phone=999-888-7778, contact_name=Contact_AB4, company_name=Company_A, company_address=Address_AB4, id=124}
INFO  2015-09-01 10:16:41,285 [[ActiveMQ-Messaging].HTTP_Listener_Configuration.worker.01] org.mule.api.processor.LoggerMessageProcessor: {phone=999-888-7778, contact_name=Contact_AB5, company_name=Company_A, company_address=Address_AB5, id=125}
INFO  2015-09-01 10:42:26,782 [main] org.mule.module.launcher.application.DefaultMuleApplication: 
++++++++++++++++++++++++++++++++++++++++++++++++++++++++++++
+ Initializing app 'ActiveMQ-Messaging'                    +
++++++++++++++++++++++++++++++++++++++++++++++++++++++++++++
INFO  2015-09-01 10:42:26,942 [main] org.mule.lifecycle.AbstractLifecycleManager: Initialising RegistryBroker
INFO  2015-09-01 10:42:27,125 [main] org.mule.module.extension.internal.manager.DefaultExtensionManager: Starting discovery of extensions
INFO  2015-09-01 10:42:27,314 [main] org.mule.module.extension.internal.manager.DefaultExtensionManager: Discovered 1 extensions
INFO  2015-09-01 10:42:27,315 [main] org.mule.module.extension.internal.manager.DefaultExtensionManager: Registering extension validation (version 3.7)
INFO  2015-09-01 10:42:27,424 [main] org.mule.config.spring.MuleArtifactContext: Refreshing org.mule.config.spring.MuleArtifactContext@9b1a755: startup date [Tue Sep 01 10:42:27 EDT 2015]; root of context hierarchy
INFO  2015-09-01 10:42:29,065 [main] org.mule.config.spring.processors.NoDevkitInjectorProcessor: JSR-330 'javax.inject.Inject' annotation found and supported for autowiring
WARN  2015-09-01 10:42:29,444 [main] org.mule.expression.DefaultExpressionManager: Expression string is not an expression.  Use isExpression(String) to validate first
WARN  2015-09-01 10:42:29,444 [main] org.mule.expression.DefaultExpressionManager: Expression string is not an expression.  Use isExpression(String) to validate first
WARN  2015-09-01 10:42:29,444 [main] org.mule.expression.DefaultExpressionManager: Expression string is not an expression.  Use isExpression(String) to validate first
WARN  2015-09-01 10:42:29,444 [main] org.mule.expression.DefaultExpressionManager: Expression string is not an expression.  Use isExpression(String) to validate first
WARN  2015-09-01 10:42:30,647 [main] org.mule.module.ognl.expression.OgnlExpressionEvaluator: OGNL module is deprecated and will be removed in Mule 4.0. Use MEL expressions instead.
INFO  2015-09-01 10:42:31,136 [main] org.mule.lifecycle.AbstractLifecycleManager: Initialising connector: Active_MQ
INFO  2015-09-01 10:42:31,346 [main] org.mule.lifecycle.AbstractLifecycleManager: Initialising model: _muleSystemModel
INFO  2015-09-01 10:42:31,353 [main] org.mule.construct.FlowConstructLifecycleManager: Initialising flow: Mule-Use-Case-A-MainFlow
INFO  2015-09-01 10:42:31,356 [main] org.mule.exception.CatchMessagingExceptionStrategy: Initialising exception listener: org.mule.exception.CatchMessagingExceptionStrategy@68f09367
INFO  2015-09-01 10:42:31,356 [main] org.mule.exception.CatchMessagingExceptionStrategy: Initialising exception listener: org.mule.exception.CatchMessagingExceptionStrategy@a5d8504
INFO  2015-09-01 10:42:31,357 [main] org.mule.exception.CatchMessagingExceptionStrategy: Initialising exception listener: org.mule.exception.CatchMessagingExceptionStrategy@1c7ceed
INFO  2015-09-01 10:42:31,357 [main] org.mule.exception.CatchMessagingExceptionStrategy: Initialising exception listener: org.mule.exception.CatchMessagingExceptionStrategy@3c5573da
INFO  2015-09-01 10:42:31,394 [main] org.mule.processor.SedaStageLifecycleManager: Initialising service: Mule-Use-Case-A-MainFlow.stage1
INFO  2015-09-01 10:42:31,666 [main] org.mule.util.journal.TransactionJournal: Using files for tx logs /Users/Gary2013/AnypointStudio-3.7-8-18/workspace/.mule/./.mule/ActiveMQ-Messaging/queue-tx-log/tx1.log and /Users/Gary2013/AnypointStudio-3.7-8-18/workspace/.mule/./.mule/ActiveMQ-Messaging/queue-tx-log/tx2.log
INFO  2015-09-01 10:42:31,679 [main] org.mule.util.journal.TransactionJournal: Using files for tx logs /Users/Gary2013/AnypointStudio-3.7-8-18/workspace/.mule/./.mule/ActiveMQ-Messaging/queue-xa-tx-log/tx1.log and /Users/Gary2013/AnypointStudio-3.7-8-18/workspace/.mule/./.mule/ActiveMQ-Messaging/queue-xa-tx-log/tx2.log
INFO  2015-09-01 10:42:31,834 [main] org.mule.config.spring.SpringXmlConfigurationBuilder: Configured Mule using "org.mule.config.spring.SpringXmlConfigurationBuilder" with configuration resource(s): "[ConfigResource{resourceName='/Users/Gary2013/AnypointStudio-3.7-8-18/workspace/.mule/apps/ActiveMQ-Messaging/activemq-messaging.xml'}]"
INFO  2015-09-01 10:42:31,835 [main] org.mule.config.builders.AutoConfigurationBuilder: Configured Mule using "org.mule.config.builders.AutoConfigurationBuilder" with configuration resource(s): "[ConfigResource{resourceName='/Users/Gary2013/AnypointStudio-3.7-8-18/workspace/.mule/apps/ActiveMQ-Messaging/activemq-messaging.xml'}]"
INFO  2015-09-01 10:42:31,838 [main] org.mule.module.launcher.application.DefaultMuleApplication: 
++++++++++++++++++++++++++++++++++++++++++++++++++++++++++++
+ Starting app 'ActiveMQ-Messaging'                        +
++++++++++++++++++++++++++++++++++++++++++++++++++++++++++++
INFO  2015-09-01 10:42:31,842 [main] org.mule.util.queue.QueueXaResourceManager: Starting ResourceManager
INFO  2015-09-01 10:42:31,842 [main] org.mule.util.queue.QueueXaResourceManager: Started ResourceManager
INFO  2015-09-01 10:42:31,899 [main] org.mule.module.http.internal.listener.DefaultHttpListenerConfig: Listening for requests on http://0.0.0.0:8081
INFO  2015-09-01 10:42:32,437 [main] org.mule.transport.jms.activemq.ActiveMQJmsConnector: Connected: ActiveMQJmsConnector
{
  name=Active_MQ
  lifecycle=initialise
  this=28317c6f
  numberOfConcurrentTransactedReceivers=4
  createMultipleTransactedReceivers=true
  connected=true
  supportedProtocols=[jms]
  serviceOverrides=<none>
}

INFO  2015-09-01 10:42:32,438 [main] org.mule.transport.jms.activemq.ActiveMQJmsConnector: Starting: ActiveMQJmsConnector
{
  name=Active_MQ
  lifecycle=initialise
  this=28317c6f
  numberOfConcurrentTransactedReceivers=4
  createMultipleTransactedReceivers=true
  connected=true
  supportedProtocols=[jms]
  serviceOverrides=<none>
}

INFO  2015-09-01 10:42:32,439 [main] org.mule.lifecycle.AbstractLifecycleManager: Starting connector: Active_MQ
INFO  2015-09-01 10:42:32,449 [main] org.mule.modules.oauth2.provider.agents.DefaultSplashScreenAgent: 
++++++++++++++++++++++++++++++++++++++++++++++++++++++++++++++++++++++++++++++++
+ DevKit Extensions (0) used in this application 
                             +
++++++++++++++++++++++++++++++++++++++++++++++++++++++++++++++++++++++++++++++++
INFO  2015-09-01 10:42:32,450 [main] org.mule.lifecycle.AbstractLifecycleManager: Starting model: _muleSystemModel
INFO  2015-09-01 10:42:32,451 [main] org.mule.construct.FlowConstructLifecycleManager: Starting flow: Mule-Use-Case-A-MainFlow
INFO  2015-09-01 10:42:32,453 [main] org.mule.processor.SedaStageLifecycleManager: Starting service: Mule-Use-Case-A-MainFlow.stage1
INFO  2015-09-01 10:42:32,509 [main] org.mule.module.management.agent.WrapperManagerAgent: This JVM hasn't been launched by the wrapper, the agent will not run.
INFO  2015-09-01 10:42:32,593 [main] org.mule.module.management.agent.AbstractJmxAgent: Registered Connector Service with name Mule.ActiveMQ-Messaging:type=Connector,name="Active.MQ"
INFO  2015-09-01 10:42:32,599 [main] org.mule.DefaultMuleContext: 
**********************************************************************
* Application: ActiveMQ-Messaging                                    *
* OS encoding: /, Mule encoding: UTF-8                               *
*                                                                    *
* Agents Running:                                                    *
*   JMX Agent                                                        *
*   Batch module default engine                                      *
*   DevKit Extension Information                                     *
*   Wrapper Manager                                                  *
**********************************************************************
INFO  2015-09-01 10:43:17,697 [Mule.app.deployer.monitor.1.thread.1] org.mule.module.launcher.application.DefaultMuleApplication: 
++++++++++++++++++++++++++++++++++++++++++++++++++++++++++++
+ Stopping app 'ActiveMQ-Messaging'                        +
++++++++++++++++++++++++++++++++++++++++++++++++++++++++++++
INFO  2015-09-01 10:43:17,698 [Mule.app.deployer.monitor.1.thread.1] org.mule.construct.FlowConstructLifecycleManager: Stopping flow: Mule-Use-Case-A-MainFlow
INFO  2015-09-01 10:43:17,699 [Mule.app.deployer.monitor.1.thread.1] org.mule.processor.SedaStageLifecycleManager: Stopping service: Mule-Use-Case-A-MainFlow.stage1
INFO  2015-09-01 10:43:17,778 [Mule.app.deployer.monitor.1.thread.1] org.mule.lifecycle.AbstractLifecycleManager: Stopping model: _muleSystemModel
INFO  2015-09-01 10:43:17,780 [Mule.app.deployer.monitor.1.thread.1] org.mule.lifecycle.AbstractLifecycleManager: Stopping connector: Active_MQ
INFO  2015-09-01 10:43:17,809 [Mule.app.deployer.monitor.1.thread.1] org.mule.module.http.internal.listener.DefaultHttpListenerConfig: Stopped listener on http://0.0.0.0:8081
INFO  2015-09-01 10:43:17,811 [Mule.app.deployer.monitor.1.thread.1] org.mule.util.queue.QueueXaResourceManager: Stopping ResourceManager
INFO  2015-09-01 10:43:17,811 [Mule.app.deployer.monitor.1.thread.1] org.mule.util.queue.QueueXaResourceManager: Stopped ResourceManager
INFO  2015-09-01 10:43:17,815 [Mule.app.deployer.monitor.1.thread.1] org.mule.module.launcher.application.DefaultMuleApplication: 
++++++++++++++++++++++++++++++++++++++++++++++++++++++++++++
+ Disposing app 'ActiveMQ-Messaging'                       +
++++++++++++++++++++++++++++++++++++++++++++++++++++++++++++
INFO  2015-09-01 10:43:17,816 [Mule.app.deployer.monitor.1.thread.1] org.mule.lifecycle.AbstractLifecycleManager: Disposing RegistryBroker
INFO  2015-09-01 10:43:17,818 [Mule.app.deployer.monitor.1.thread.1] org.mule.construct.FlowConstructLifecycleManager: Disposing flow: Mule-Use-Case-A-MainFlow
INFO  2015-09-01 10:43:17,820 [Mule.app.deployer.monitor.1.thread.1] org.mule.processor.SedaStageLifecycleManager: Disposing service: Mule-Use-Case-A-MainFlow.stage1
INFO  2015-09-01 10:43:17,822 [Mule.app.deployer.monitor.1.thread.1] org.mule.lifecycle.AbstractLifecycleManager: Disposing model: _muleSystemModel
INFO  2015-09-01 10:43:17,848 [Mule.app.deployer.monitor.1.thread.1] org.mule.transport.jms.activemq.ActiveMQJmsConnector: Disconnected: ActiveMQJmsConnector
{
  name=Active_MQ
  lifecycle=stop
  this=28317c6f
  numberOfConcurrentTransactedReceivers=4
  createMultipleTransactedReceivers=true
  connected=true
  supportedProtocols=[jms]
  serviceOverrides=<none>
}

INFO  2015-09-01 10:43:17,850 [Mule.app.deployer.monitor.1.thread.1] org.mule.lifecycle.AbstractLifecycleManager: Disposing connector: Active_MQ
INFO  2015-09-01 10:43:18,032 [Mule.app.deployer.monitor.1.thread.1] org.mule.config.spring.MuleArtifactContext: Closing org.mule.config.spring.MuleArtifactContext@9b1a755: startup date [Tue Sep 01 10:42:27 EDT 2015]; root of context hierarchy
INFO  2015-09-01 10:43:18,258 [Mule.app.deployer.monitor.1.thread.1] org.mule.DefaultMuleContext: 
**********************************************************************
* Application "ActiveMQ-Messaging" shut down normally on: 9/1/15     *
* 10:43 AM                                                           *
* Up for: 0 days, 0 hours, 0 mins, 46.417 sec                        *
**********************************************************************
INFO  2015-09-01 10:43:18,386 [Mule.app.deployer.monitor.1.thread.1] org.mule.module.launcher.application.DefaultMuleApplication: 
++++++++++++++++++++++++++++++++++++++++++++++++++++++++++++
+ Initializing app 'ActiveMQ-Messaging'                    +
++++++++++++++++++++++++++++++++++++++++++++++++++++++++++++
INFO  2015-09-01 10:43:18,398 [Mule.app.deployer.monitor.1.thread.1] org.mule.lifecycle.AbstractLifecycleManager: Initialising RegistryBroker
INFO  2015-09-01 10:43:18,406 [Mule.app.deployer.monitor.1.thread.1] org.mule.module.extension.internal.manager.DefaultExtensionManager: Starting discovery of extensions
INFO  2015-09-01 10:43:18,432 [Mule.app.deployer.monitor.1.thread.1] org.mule.module.extension.internal.manager.DefaultExtensionManager: Discovered 1 extensions
INFO  2015-09-01 10:43:18,432 [Mule.app.deployer.monitor.1.thread.1] org.mule.module.extension.internal.manager.DefaultExtensionManager: Registering extension validation (version 3.7)
INFO  2015-09-01 10:43:18,438 [Mule.app.deployer.monitor.1.thread.1] org.mule.config.spring.MuleArtifactContext: Refreshing org.mule.config.spring.MuleArtifactContext@26deb73b: startup date [Tue Sep 01 10:43:18 EDT 2015]; root of context hierarchy
INFO  2015-09-01 10:43:18,885 [Mule.app.deployer.monitor.1.thread.1] org.mule.config.spring.processors.NoDevkitInjectorProcessor: JSR-330 'javax.inject.Inject' annotation found and supported for autowiring
WARN  2015-09-01 10:43:18,953 [Mule.app.deployer.monitor.1.thread.1] org.mule.expression.DefaultExpressionManager: Expression string is not an expression.  Use isExpression(String) to validate first
WARN  2015-09-01 10:43:18,954 [Mule.app.deployer.monitor.1.thread.1] org.mule.expression.DefaultExpressionManager: Expression string is not an expression.  Use isExpression(String) to validate first
WARN  2015-09-01 10:43:18,954 [Mule.app.deployer.monitor.1.thread.1] org.mule.expression.DefaultExpressionManager: Expression string is not an expression.  Use isExpression(String) to validate first
WARN  2015-09-01 10:43:18,954 [Mule.app.deployer.monitor.1.thread.1] org.mule.expression.DefaultExpressionManager: Expression string is not an expression.  Use isExpression(String) to validate first
INFO  2015-09-01 10:43:19,189 [Mule.app.deployer.monitor.1.thread.1] org.mule.lifecycle.AbstractLifecycleManager: Initialising connector: Active_MQ
INFO  2015-09-01 10:43:19,248 [Mule.app.deployer.monitor.1.thread.1] org.mule.lifecycle.AbstractLifecycleManager: Initialising model: _muleSystemModel
INFO  2015-09-01 10:43:19,254 [Mule.app.deployer.monitor.1.thread.1] org.mule.construct.FlowConstructLifecycleManager: Initialising flow: Mule-Use-Case-A-MainFlow
INFO  2015-09-01 10:43:19,256 [Mule.app.deployer.monitor.1.thread.1] org.mule.exception.CatchMessagingExceptionStrategy: Initialising exception listener: org.mule.exception.CatchMessagingExceptionStrategy@5ab32e8b
INFO  2015-09-01 10:43:19,256 [Mule.app.deployer.monitor.1.thread.1] org.mule.exception.CatchMessagingExceptionStrategy: Initialising exception listener: org.mule.exception.CatchMessagingExceptionStrategy@29b4d632
INFO  2015-09-01 10:43:19,257 [Mule.app.deployer.monitor.1.thread.1] org.mule.exception.CatchMessagingExceptionStrategy: Initialising exception listener: org.mule.exception.CatchMessagingExceptionStrategy@1f5a8202
INFO  2015-09-01 10:43:19,257 [Mule.app.deployer.monitor.1.thread.1] org.mule.exception.CatchMessagingExceptionStrategy: Initialising exception listener: org.mule.exception.CatchMessagingExceptionStrategy@6f0d6162
INFO  2015-09-01 10:43:19,266 [Mule.app.deployer.monitor.1.thread.1] org.mule.processor.SedaStageLifecycleManager: Initialising service: Mule-Use-Case-A-MainFlow.stage1
INFO  2015-09-01 10:43:19,279 [Mule.app.deployer.monitor.1.thread.1] org.mule.util.journal.TransactionJournal: Using files for tx logs /Users/Gary2013/AnypointStudio-3.7-8-18/workspace/.mule/./.mule/ActiveMQ-Messaging/queue-tx-log/tx1.log and /Users/Gary2013/AnypointStudio-3.7-8-18/workspace/.mule/./.mule/ActiveMQ-Messaging/queue-tx-log/tx2.log
INFO  2015-09-01 10:43:19,279 [Mule.app.deployer.monitor.1.thread.1] org.mule.util.journal.TransactionJournal: Using files for tx logs /Users/Gary2013/AnypointStudio-3.7-8-18/workspace/.mule/./.mule/ActiveMQ-Messaging/queue-xa-tx-log/tx1.log and /Users/Gary2013/AnypointStudio-3.7-8-18/workspace/.mule/./.mule/ActiveMQ-Messaging/queue-xa-tx-log/tx2.log
INFO  2015-09-01 10:43:19,336 [Mule.app.deployer.monitor.1.thread.1] org.mule.config.spring.SpringXmlConfigurationBuilder: Configured Mule using "org.mule.config.spring.SpringXmlConfigurationBuilder" with configuration resource(s): "[ConfigResource{resourceName='/Users/Gary2013/AnypointStudio-3.7-8-18/workspace/.mule/apps/ActiveMQ-Messaging/activemq-messaging.xml'}]"
INFO  2015-09-01 10:43:19,336 [Mule.app.deployer.monitor.1.thread.1] org.mule.config.builders.AutoConfigurationBuilder: Configured Mule using "org.mule.config.builders.AutoConfigurationBuilder" with configuration resource(s): "[ConfigResource{resourceName='/Users/Gary2013/AnypointStudio-3.7-8-18/workspace/.mule/apps/ActiveMQ-Messaging/activemq-messaging.xml'}]"
INFO  2015-09-01 10:43:19,337 [Mule.app.deployer.monitor.1.thread.1] org.mule.module.launcher.application.DefaultMuleApplication: 
++++++++++++++++++++++++++++++++++++++++++++++++++++++++++++
+ Starting app 'ActiveMQ-Messaging'                        +
++++++++++++++++++++++++++++++++++++++++++++++++++++++++++++
INFO  2015-09-01 10:43:19,343 [Mule.app.deployer.monitor.1.thread.1] org.mule.util.queue.QueueXaResourceManager: Starting ResourceManager
INFO  2015-09-01 10:43:19,343 [Mule.app.deployer.monitor.1.thread.1] org.mule.util.queue.QueueXaResourceManager: Started ResourceManager
INFO  2015-09-01 10:43:19,361 [Mule.app.deployer.monitor.1.thread.1] org.mule.module.http.internal.listener.DefaultHttpListenerConfig: Listening for requests on http://0.0.0.0:8081
INFO  2015-09-01 10:43:19,792 [Mule.app.deployer.monitor.1.thread.1] org.mule.transport.jms.activemq.ActiveMQJmsConnector: Connected: ActiveMQJmsConnector
{
  name=Active_MQ
  lifecycle=initialise
  this=457f
  numberOfConcurrentTransactedReceivers=4
  createMultipleTransactedReceivers=true
  connected=true
  supportedProtocols=[jms]
  serviceOverrides=<none>
}

INFO  2015-09-01 10:43:19,793 [Mule.app.deployer.monitor.1.thread.1] org.mule.transport.jms.activemq.ActiveMQJmsConnector: Starting: ActiveMQJmsConnector
{
  name=Active_MQ
  lifecycle=initialise
  this=457f
  numberOfConcurrentTransactedReceivers=4
  createMultipleTransactedReceivers=true
  connected=true
  supportedProtocols=[jms]
  serviceOverrides=<none>
}

INFO  2015-09-01 10:43:19,793 [Mule.app.deployer.monitor.1.thread.1] org.mule.lifecycle.AbstractLifecycleManager: Starting connector: Active_MQ
INFO  2015-09-01 10:43:19,800 [Mule.app.deployer.monitor.1.thread.1] org.mule.modules.oauth2.provider.agents.DefaultSplashScreenAgent: 
++++++++++++++++++++++++++++++++++++++++++++++++++++++++++++++++++++++++++++++++
+ DevKit Extensions (0) used in this application 
                             +
++++++++++++++++++++++++++++++++++++++++++++++++++++++++++++++++++++++++++++++++
INFO  2015-09-01 10:43:19,801 [Mule.app.deployer.monitor.1.thread.1] org.mule.lifecycle.AbstractLifecycleManager: Starting model: _muleSystemModel
INFO  2015-09-01 10:43:19,802 [Mule.app.deployer.monitor.1.thread.1] org.mule.construct.FlowConstructLifecycleManager: Starting flow: Mule-Use-Case-A-MainFlow
INFO  2015-09-01 10:43:19,802 [Mule.app.deployer.monitor.1.thread.1] org.mule.processor.SedaStageLifecycleManager: Starting service: Mule-Use-Case-A-MainFlow.stage1
INFO  2015-09-01 10:43:19,819 [Mule.app.deployer.monitor.1.thread.1] org.mule.module.management.agent.WrapperManagerAgent: This JVM hasn't been launched by the wrapper, the agent will not run.
INFO  2015-09-01 10:43:19,828 [Mule.app.deployer.monitor.1.thread.1] org.mule.module.management.agent.AbstractJmxAgent: Registered Connector Service with name Mule.ActiveMQ-Messaging:type=Connector,name="Active.MQ"
INFO  2015-09-01 10:43:19,832 [Mule.app.deployer.monitor.1.thread.1] org.mule.DefaultMuleContext: 
**********************************************************************
* Application: ActiveMQ-Messaging                                    *
* OS encoding: /, Mule encoding: UTF-8                               *
*                                                                    *
* Agents Running:                                                    *
*   JMX Agent                                                        *
*   Batch module default engine                                      *
*   DevKit Extension Information                                     *
*   Wrapper Manager                                                  *
**********************************************************************
INFO  2015-09-01 10:48:31,463 [[ActiveMQ-Messaging].HTTP_Listener_Configuration.worker.01] org.mule.api.processor.LoggerMessageProcessor: {phone=999-888-7778, contact_name=Contact_A, company_name=Company_A, company_address=Address_A, id=101}
INFO  2015-09-01 10:50:24,288 [[ActiveMQ-Messaging].HTTP_Listener_Configuration.worker.01] org.mule.transport.service.DefaultTransportServiceDescriptor: Loading default outbound transformer: org.mule.transport.jms.transformers.ObjectToJMSMessage
INFO  2015-09-01 10:50:24,290 [[ActiveMQ-Messaging].HTTP_Listener_Configuration.worker.01] org.mule.transport.service.DefaultTransportServiceDescriptor: Loading default response transformer: org.mule.transport.jms.transformers.ObjectToJMSMessage
WARN  2015-09-01 10:50:24,290 [[ActiveMQ-Messaging].HTTP_Listener_Configuration.worker.01] com.mulesoft.mule.transport.jms.EeJmsMessageDispatcher: Starting patched JmsMessageReceiver
INFO  2015-09-01 10:50:24,291 [[ActiveMQ-Messaging].HTTP_Listener_Configuration.worker.01] org.mule.lifecycle.AbstractLifecycleManager: Initialising: 'Active_MQ.dispatcher.1992052886'. Object is: EeJmsMessageDispatcher
INFO  2015-09-01 10:50:24,293 [[ActiveMQ-Messaging].HTTP_Listener_Configuration.worker.01] org.mule.lifecycle.AbstractLifecycleManager: Starting: 'Active_MQ.dispatcher.1992052886'. Object is: EeJmsMessageDispatcher
INFO  2015-09-01 10:50:32,440 [[ActiveMQ-Messaging].HTTP_Listener_Configuration.worker.01] org.mule.api.processor.LoggerMessageProcessor: {phone=999-888-7778, contact_name=Contact_AB1, company_name=Company_A, company_address=Address_AB1, id=123}
INFO  2015-09-01 10:50:35,691 [[ActiveMQ-Messaging].HTTP_Listener_Configuration.worker.01] org.mule.api.processor.LoggerMessageProcessor: {phone=999-888-7778, contact_name=Contact_AB4, company_name=Company_A, company_address=Address_AB4, id=124}
INFO  2015-09-01 10:50:38,224 [[ActiveMQ-Messaging].HTTP_Listener_Configuration.worker.01] org.mule.api.processor.LoggerMessageProcessor: {phone=999-888-7778, contact_name=Contact_AB5, company_name=Company_A, company_address=Address_AB5, id=125}
INFO  2015-09-01 10:53:55,289 [Mule.app.deployer.monitor.1.thread.1] org.mule.module.launcher.application.DefaultMuleApplication: 
++++++++++++++++++++++++++++++++++++++++++++++++++++++++++++
+ Stopping app 'ActiveMQ-Messaging'                        +
++++++++++++++++++++++++++++++++++++++++++++++++++++++++++++
INFO  2015-09-01 10:53:55,290 [Mule.app.deployer.monitor.1.thread.1] org.mule.construct.FlowConstructLifecycleManager: Stopping flow: Mule-Use-Case-A-MainFlow
INFO  2015-09-01 10:53:55,290 [Mule.app.deployer.monitor.1.thread.1] org.mule.processor.SedaStageLifecycleManager: Stopping service: Mule-Use-Case-A-MainFlow.stage1
INFO  2015-09-01 10:53:55,414 [Mule.app.deployer.monitor.1.thread.1] org.mule.lifecycle.AbstractLifecycleManager: Stopping model: _muleSystemModel
INFO  2015-09-01 10:53:55,415 [Mule.app.deployer.monitor.1.thread.1] org.mule.lifecycle.AbstractLifecycleManager: Stopping connector: Active_MQ
INFO  2015-09-01 10:53:55,417 [Mule.app.deployer.monitor.1.thread.1] org.mule.lifecycle.AbstractLifecycleManager: Stopping: 'Active_MQ.dispatcher.1992052886'. Object is: EeJmsMessageDispatcher
INFO  2015-09-01 10:53:55,418 [Mule.app.deployer.monitor.1.thread.1] org.mule.lifecycle.AbstractLifecycleManager: Disposing: 'Active_MQ.dispatcher.1992052886'. Object is: EeJmsMessageDispatcher
INFO  2015-09-01 10:53:55,419 [Mule.app.deployer.monitor.1.thread.1] org.mule.module.http.internal.listener.DefaultHttpListenerConfig: Stopped listener on http://0.0.0.0:8081
INFO  2015-09-01 10:53:55,420 [Mule.app.deployer.monitor.1.thread.1] org.mule.util.queue.QueueXaResourceManager: Stopping ResourceManager
INFO  2015-09-01 10:53:55,420 [Mule.app.deployer.monitor.1.thread.1] org.mule.util.queue.QueueXaResourceManager: Stopped ResourceManager
INFO  2015-09-01 10:53:55,423 [Mule.app.deployer.monitor.1.thread.1] org.mule.module.launcher.application.DefaultMuleApplication: 
++++++++++++++++++++++++++++++++++++++++++++++++++++++++++++
+ Disposing app 'ActiveMQ-Messaging'                       +
++++++++++++++++++++++++++++++++++++++++++++++++++++++++++++
INFO  2015-09-01 10:53:55,423 [Mule.app.deployer.monitor.1.thread.1] org.mule.lifecycle.AbstractLifecycleManager: Disposing RegistryBroker
INFO  2015-09-01 10:53:55,423 [Mule.app.deployer.monitor.1.thread.1] org.mule.construct.FlowConstructLifecycleManager: Disposing flow: Mule-Use-Case-A-MainFlow
INFO  2015-09-01 10:53:55,423 [Mule.app.deployer.monitor.1.thread.1] org.mule.processor.SedaStageLifecycleManager: Disposing service: Mule-Use-Case-A-MainFlow.stage1
INFO  2015-09-01 10:53:55,424 [Mule.app.deployer.monitor.1.thread.1] org.mule.lifecycle.AbstractLifecycleManager: Disposing model: _muleSystemModel
INFO  2015-09-01 10:53:55,438 [Mule.app.deployer.monitor.1.thread.1] org.mule.transport.jms.activemq.ActiveMQJmsConnector: Disconnected: ActiveMQJmsConnector
{
  name=Active_MQ
  lifecycle=stop
  this=457f
  numberOfConcurrentTransactedReceivers=4
  createMultipleTransactedReceivers=true
  connected=true
  supportedProtocols=[jms]
  serviceOverrides=<none>
}

INFO  2015-09-01 10:53:55,439 [Mule.app.deployer.monitor.1.thread.1] org.mule.lifecycle.AbstractLifecycleManager: Disposing connector: Active_MQ
INFO  2015-09-01 10:53:55,469 [Mule.app.deployer.monitor.1.thread.1] org.mule.config.spring.MuleArtifactContext: Closing org.mule.config.spring.MuleArtifactContext@26deb73b: startup date [Tue Sep 01 10:43:18 EDT 2015]; root of context hierarchy
INFO  2015-09-01 10:53:55,645 [Mule.app.deployer.monitor.1.thread.1] org.mule.DefaultMuleContext: 
**********************************************************************
* Application "ActiveMQ-Messaging" shut down normally on: 9/1/15     *
* 10:53 AM                                                           *
* Up for: 0 days, 0 hours, 10 mins, 36.308 sec                       *
**********************************************************************
INFO  2015-09-01 10:53:56,052 [Mule.app.deployer.monitor.1.thread.1] org.mule.module.launcher.application.DefaultMuleApplication: 
++++++++++++++++++++++++++++++++++++++++++++++++++++++++++++
+ Initializing app 'ActiveMQ-Messaging'                    +
++++++++++++++++++++++++++++++++++++++++++++++++++++++++++++
INFO  2015-09-01 10:53:56,058 [Mule.app.deployer.monitor.1.thread.1] org.mule.lifecycle.AbstractLifecycleManager: Initialising RegistryBroker
INFO  2015-09-01 10:53:56,065 [Mule.app.deployer.monitor.1.thread.1] org.mule.module.extension.internal.manager.DefaultExtensionManager: Starting discovery of extensions
INFO  2015-09-01 10:53:56,085 [Mule.app.deployer.monitor.1.thread.1] org.mule.module.extension.internal.manager.DefaultExtensionManager: Discovered 1 extensions
INFO  2015-09-01 10:53:56,085 [Mule.app.deployer.monitor.1.thread.1] org.mule.module.extension.internal.manager.DefaultExtensionManager: Registering extension validation (version 3.7)
INFO  2015-09-01 10:53:56,088 [Mule.app.deployer.monitor.1.thread.1] org.mule.config.spring.MuleArtifactContext: Refreshing org.mule.config.spring.MuleArtifactContext@28c08f61: startup date [Tue Sep 01 10:53:56 EDT 2015]; root of context hierarchy
INFO  2015-09-01 10:53:56,454 [Mule.app.deployer.monitor.1.thread.1] org.mule.config.spring.processors.NoDevkitInjectorProcessor: JSR-330 'javax.inject.Inject' annotation found and supported for autowiring
WARN  2015-09-01 10:53:56,515 [Mule.app.deployer.monitor.1.thread.1] org.mule.expression.DefaultExpressionManager: Expression string is not an expression.  Use isExpression(String) to validate first
WARN  2015-09-01 10:53:56,515 [Mule.app.deployer.monitor.1.thread.1] org.mule.expression.DefaultExpressionManager: Expression string is not an expression.  Use isExpression(String) to validate first
WARN  2015-09-01 10:53:56,515 [Mule.app.deployer.monitor.1.thread.1] org.mule.expression.DefaultExpressionManager: Expression string is not an expression.  Use isExpression(String) to validate first
WARN  2015-09-01 10:53:56,516 [Mule.app.deployer.monitor.1.thread.1] org.mule.expression.DefaultExpressionManager: Expression string is not an expression.  Use isExpression(String) to validate first
INFO  2015-09-01 10:53:56,725 [Mule.app.deployer.monitor.1.thread.1] org.mule.lifecycle.AbstractLifecycleManager: Initialising connector: Active_MQ
INFO  2015-09-01 10:53:56,783 [Mule.app.deployer.monitor.1.thread.1] org.mule.lifecycle.AbstractLifecycleManager: Initialising model: _muleSystemModel
INFO  2015-09-01 10:53:56,788 [Mule.app.deployer.monitor.1.thread.1] org.mule.construct.FlowConstructLifecycleManager: Initialising flow: Mule-Use-Case-A-MainFlow
INFO  2015-09-01 10:53:56,789 [Mule.app.deployer.monitor.1.thread.1] org.mule.exception.CatchMessagingExceptionStrategy: Initialising exception listener: org.mule.exception.CatchMessagingExceptionStrategy@5d4b2fc4
INFO  2015-09-01 10:53:56,789 [Mule.app.deployer.monitor.1.thread.1] org.mule.exception.CatchMessagingExceptionStrategy: Initialising exception listener: org.mule.exception.CatchMessagingExceptionStrategy@732d1cb5
INFO  2015-09-01 10:53:56,790 [Mule.app.deployer.monitor.1.thread.1] org.mule.exception.CatchMessagingExceptionStrategy: Initialising exception listener: org.mule.exception.CatchMessagingExceptionStrategy@16b7ea26
INFO  2015-09-01 10:53:56,790 [Mule.app.deployer.monitor.1.thread.1] org.mule.exception.CatchMessagingExceptionStrategy: Initialising exception listener: org.mule.exception.CatchMessagingExceptionStrategy@46d7071
INFO  2015-09-01 10:53:56,800 [Mule.app.deployer.monitor.1.thread.1] org.mule.processor.SedaStageLifecycleManager: Initialising service: Mule-Use-Case-A-MainFlow.stage1
INFO  2015-09-01 10:53:56,807 [Mule.app.deployer.monitor.1.thread.1] org.mule.util.journal.TransactionJournal: Using files for tx logs /Users/Gary2013/AnypointStudio-3.7-8-18/workspace/.mule/./.mule/ActiveMQ-Messaging/queue-tx-log/tx1.log and /Users/Gary2013/AnypointStudio-3.7-8-18/workspace/.mule/./.mule/ActiveMQ-Messaging/queue-tx-log/tx2.log
INFO  2015-09-01 10:53:56,808 [Mule.app.deployer.monitor.1.thread.1] org.mule.util.journal.TransactionJournal: Using files for tx logs /Users/Gary2013/AnypointStudio-3.7-8-18/workspace/.mule/./.mule/ActiveMQ-Messaging/queue-xa-tx-log/tx1.log and /Users/Gary2013/AnypointStudio-3.7-8-18/workspace/.mule/./.mule/ActiveMQ-Messaging/queue-xa-tx-log/tx2.log
INFO  2015-09-01 10:53:56,860 [Mule.app.deployer.monitor.1.thread.1] org.mule.config.spring.SpringXmlConfigurationBuilder: Configured Mule using "org.mule.config.spring.SpringXmlConfigurationBuilder" with configuration resource(s): "[ConfigResource{resourceName='/Users/Gary2013/AnypointStudio-3.7-8-18/workspace/.mule/apps/ActiveMQ-Messaging/activemq-messaging.xml'}]"
INFO  2015-09-01 10:53:56,860 [Mule.app.deployer.monitor.1.thread.1] org.mule.config.builders.AutoConfigurationBuilder: Configured Mule using "org.mule.config.builders.AutoConfigurationBuilder" with configuration resource(s): "[ConfigResource{resourceName='/Users/Gary2013/AnypointStudio-3.7-8-18/workspace/.mule/apps/ActiveMQ-Messaging/activemq-messaging.xml'}]"
INFO  2015-09-01 10:53:56,860 [Mule.app.deployer.monitor.1.thread.1] org.mule.module.launcher.application.DefaultMuleApplication: 
++++++++++++++++++++++++++++++++++++++++++++++++++++++++++++
+ Starting app 'ActiveMQ-Messaging'                        +
++++++++++++++++++++++++++++++++++++++++++++++++++++++++++++
INFO  2015-09-01 10:53:56,865 [Mule.app.deployer.monitor.1.thread.1] org.mule.util.queue.QueueXaResourceManager: Starting ResourceManager
INFO  2015-09-01 10:53:56,865 [Mule.app.deployer.monitor.1.thread.1] org.mule.util.queue.QueueXaResourceManager: Started ResourceManager
INFO  2015-09-01 10:53:56,881 [Mule.app.deployer.monitor.1.thread.1] org.mule.module.http.internal.listener.DefaultHttpListenerConfig: Listening for requests on http://0.0.0.0:8081
INFO  2015-09-01 10:53:57,304 [Mule.app.deployer.monitor.1.thread.1] org.mule.transport.jms.activemq.ActiveMQJmsConnector: Connected: ActiveMQJmsConnector
{
  name=Active_MQ
  lifecycle=initialise
  this=537519d
  numberOfConcurrentTransactedReceivers=4
  createMultipleTransactedReceivers=true
  connected=true
  supportedProtocols=[jms]
  serviceOverrides=<none>
}

INFO  2015-09-01 10:53:57,304 [Mule.app.deployer.monitor.1.thread.1] org.mule.transport.jms.activemq.ActiveMQJmsConnector: Starting: ActiveMQJmsConnector
{
  name=Active_MQ
  lifecycle=initialise
  this=537519d
  numberOfConcurrentTransactedReceivers=4
  createMultipleTransactedReceivers=true
  connected=true
  supportedProtocols=[jms]
  serviceOverrides=<none>
}

INFO  2015-09-01 10:53:57,304 [Mule.app.deployer.monitor.1.thread.1] org.mule.lifecycle.AbstractLifecycleManager: Starting connector: Active_MQ
INFO  2015-09-01 10:53:57,314 [Mule.app.deployer.monitor.1.thread.1] org.mule.modules.oauth2.provider.agents.DefaultSplashScreenAgent: 
++++++++++++++++++++++++++++++++++++++++++++++++++++++++++++++++++++++++++++++++
+ DevKit Extensions (0) used in this application 
                             +
++++++++++++++++++++++++++++++++++++++++++++++++++++++++++++++++++++++++++++++++
INFO  2015-09-01 10:53:57,315 [Mule.app.deployer.monitor.1.thread.1] org.mule.lifecycle.AbstractLifecycleManager: Starting model: _muleSystemModel
INFO  2015-09-01 10:53:57,316 [Mule.app.deployer.monitor.1.thread.1] org.mule.construct.FlowConstructLifecycleManager: Starting flow: Mule-Use-Case-A-MainFlow
INFO  2015-09-01 10:53:57,316 [Mule.app.deployer.monitor.1.thread.1] org.mule.processor.SedaStageLifecycleManager: Starting service: Mule-Use-Case-A-MainFlow.stage1
INFO  2015-09-01 10:53:57,339 [Mule.app.deployer.monitor.1.thread.1] org.mule.module.management.agent.WrapperManagerAgent: This JVM hasn't been launched by the wrapper, the agent will not run.
INFO  2015-09-01 10:53:57,350 [Mule.app.deployer.monitor.1.thread.1] org.mule.module.management.agent.AbstractJmxAgent: Registered Connector Service with name Mule.ActiveMQ-Messaging:type=Connector,name="Active.MQ"
INFO  2015-09-01 10:53:57,354 [Mule.app.deployer.monitor.1.thread.1] org.mule.DefaultMuleContext: 
**********************************************************************
* Application: ActiveMQ-Messaging                                    *
* OS encoding: /, Mule encoding: UTF-8                               *
*                                                                    *
* Agents Running:                                                    *
*   JMX Agent                                                        *
*   Batch module default engine                                      *
*   DevKit Extension Information                                     *
*   Wrapper Manager                                                  *
**********************************************************************
INFO  2015-09-01 10:58:26,404 [[ActiveMQ-Messaging].HTTP_Listener_Configuration.worker.01] org.mule.api.processor.LoggerMessageProcessor: {phone=999-888-7778, contact_name=Contact_A, company_name=Company_A, company_address=Address_A, id=101}
INFO  2015-09-01 10:58:26,423 [[ActiveMQ-Messaging].HTTP_Listener_Configuration.worker.01] org.mule.transport.service.DefaultTransportServiceDescriptor: Loading default outbound transformer: org.mule.transport.jms.transformers.ObjectToJMSMessage
INFO  2015-09-01 10:58:26,424 [[ActiveMQ-Messaging].HTTP_Listener_Configuration.worker.01] org.mule.transport.service.DefaultTransportServiceDescriptor: Loading default response transformer: org.mule.transport.jms.transformers.ObjectToJMSMessage
WARN  2015-09-01 10:58:26,424 [[ActiveMQ-Messaging].HTTP_Listener_Configuration.worker.01] com.mulesoft.mule.transport.jms.EeJmsMessageDispatcher: Starting patched JmsMessageReceiver
INFO  2015-09-01 10:58:26,425 [[ActiveMQ-Messaging].HTTP_Listener_Configuration.worker.01] org.mule.lifecycle.AbstractLifecycleManager: Initialising: 'Active_MQ.dispatcher.1440273081'. Object is: EeJmsMessageDispatcher
INFO  2015-09-01 10:58:26,425 [[ActiveMQ-Messaging].HTTP_Listener_Configuration.worker.01] org.mule.lifecycle.AbstractLifecycleManager: Starting: 'Active_MQ.dispatcher.1440273081'. Object is: EeJmsMessageDispatcher
INFO  2015-09-01 10:58:26,543 [[ActiveMQ-Messaging].HTTP_Listener_Configuration.worker.01] org.mule.api.processor.LoggerMessageProcessor: {phone=999-888-7778, contact_name=Contact_B, company_name=Company_B, company_address=Address_B, id=102}
INFO  2015-09-01 10:58:26,553 [[ActiveMQ-Messaging].HTTP_Listener_Configuration.worker.01] org.mule.api.processor.LoggerMessageProcessor: {phone=999-888-7778, contact_name=Contact_A1, company_name=Company_A1, company_address=Address_A1, id=111}
INFO  2015-09-01 10:58:26,561 [[ActiveMQ-Messaging].HTTP_Listener_Configuration.worker.01] org.mule.api.processor.LoggerMessageProcessor: {phone=999-888-7778, contact_name=Contact_A2, company_name=Company_A2, company_address=Address_A2, id=112}
INFO  2015-09-01 10:58:26,569 [[ActiveMQ-Messaging].HTTP_Listener_Configuration.worker.01] org.mule.api.processor.LoggerMessageProcessor: {phone=999-888-7778, contact_name=Contact_A3, company_name=Company_A3, company_address=Address_A3, id=113}
INFO  2015-09-01 10:58:26,576 [[ActiveMQ-Messaging].HTTP_Listener_Configuration.worker.01] org.mule.api.processor.LoggerMessageProcessor: {phone=999-888-7778, contact_name=Contact_AB1, company_name=Company_A, company_address=Address_AB1, id=123}
INFO  2015-09-01 10:58:26,584 [[ActiveMQ-Messaging].HTTP_Listener_Configuration.worker.01] org.mule.api.processor.LoggerMessageProcessor: {phone=999-888-7778, contact_name=Contact_AB4, company_name=Company_A, company_address=Address_AB4, id=124}
INFO  2015-09-01 10:58:26,591 [[ActiveMQ-Messaging].HTTP_Listener_Configuration.worker.01] org.mule.api.processor.LoggerMessageProcessor: {phone=999-888-7778, contact_name=Contact_AB5, company_name=Company_A, company_address=Address_AB5, id=125}
WARN  2015-09-01 10:59:55,114 [[ActiveMQ-Messaging].HTTP_Listener_Configuration.worker.01] org.mule.routing.ExpressionSplitter: Splitter returned no results. If this is not expected, please check your split expression
